2018-06-26 15:54:55 Warning: Warning (512): Association property name "storage" clashes with field of same name of table "phones". You should explicitly specify the "propertyName" option. in [/Users/tesina/Documents/git/ebay-amazon-arbitrage/vendor/cakephp/cakephp/src/ORM/Association.php, line 724]
Trace:
Cake\Error\BaseErrorHandler::handleError() - CORE/src/Error/BaseErrorHandler.php, line 153
Cake\ORM\Association::getProperty() - CORE/src/ORM/Association.php, line 724
Bake\Utility\Model\AssociationFilter::filterAssociations() - ROOT/vendor/cakephp/bake/src/Utility/Model/AssociationFilter.php, line 96
Bake\Shell\Task\TemplateTask::_filteredAssociations() - ROOT/vendor/cakephp/bake/src/Shell/Task/TemplateTask.php, line 489
Bake\Shell\Task\TemplateTask::_loadController() - ROOT/vendor/cakephp/bake/src/Shell/Task/TemplateTask.php, line 307
Bake\Shell\Task\TemplateTask::main() - ROOT/vendor/cakephp/bake/src/Shell/Task/TemplateTask.php, line 148
Cake\Console\Shell::runCommand() - CORE/src/Console/Shell.php, line 507
Cake\Console\Shell::runCommand() - CORE/src/Console/Shell.php, line 500
Cake\Console\CommandRunner::run() - CORE/src/Console/CommandRunner.php, line 141
[main] - ROOT/bin/cake.php, line 12



2018-06-26 15:54:55 Warning: Warning (512): Association property name "model" clashes with field of same name of table "phones". You should explicitly specify the "propertyName" option. in [/Users/tesina/Documents/git/ebay-amazon-arbitrage/vendor/cakephp/cakephp/src/ORM/Association.php, line 724]
Trace:
Cake\Error\BaseErrorHandler::handleError() - CORE/src/Error/BaseErrorHandler.php, line 153
Cake\ORM\Association::getProperty() - CORE/src/ORM/Association.php, line 724
Bake\Utility\Model\AssociationFilter::filterAssociations() - ROOT/vendor/cakephp/bake/src/Utility/Model/AssociationFilter.php, line 96
Bake\Shell\Task\TemplateTask::_filteredAssociations() - ROOT/vendor/cakephp/bake/src/Shell/Task/TemplateTask.php, line 489
Bake\Shell\Task\TemplateTask::_loadController() - ROOT/vendor/cakephp/bake/src/Shell/Task/TemplateTask.php, line 307
Bake\Shell\Task\TemplateTask::main() - ROOT/vendor/cakephp/bake/src/Shell/Task/TemplateTask.php, line 148
Cake\Console\Shell::runCommand() - CORE/src/Console/Shell.php, line 507
Cake\Console\Shell::runCommand() - CORE/src/Console/Shell.php, line 500
Cake\Console\CommandRunner::run() - CORE/src/Console/CommandRunner.php, line 141
[main] - ROOT/bin/cake.php, line 12



2018-06-26 15:54:55 Warning: Warning (512): Association property name "colour" clashes with field of same name of table "phones". You should explicitly specify the "propertyName" option. in [/Users/tesina/Documents/git/ebay-amazon-arbitrage/vendor/cakephp/cakephp/src/ORM/Association.php, line 724]
Trace:
Cake\Error\BaseErrorHandler::handleError() - CORE/src/Error/BaseErrorHandler.php, line 153
Cake\ORM\Association::getProperty() - CORE/src/ORM/Association.php, line 724
Bake\Utility\Model\AssociationFilter::filterAssociations() - ROOT/vendor/cakephp/bake/src/Utility/Model/AssociationFilter.php, line 96
Bake\Shell\Task\TemplateTask::_filteredAssociations() - ROOT/vendor/cakephp/bake/src/Shell/Task/TemplateTask.php, line 489
Bake\Shell\Task\TemplateTask::_loadController() - ROOT/vendor/cakephp/bake/src/Shell/Task/TemplateTask.php, line 307
Bake\Shell\Task\TemplateTask::main() - ROOT/vendor/cakephp/bake/src/Shell/Task/TemplateTask.php, line 148
Cake\Console\Shell::runCommand() - CORE/src/Console/Shell.php, line 507
Cake\Console\Shell::runCommand() - CORE/src/Console/Shell.php, line 500
Cake\Console\CommandRunner::run() - CORE/src/Console/CommandRunner.php, line 141
[main] - ROOT/bin/cake.php, line 12



2018-06-27 17:51:42 Error: [RuntimeException] Unknown command `cake code_completion`. Run `cake --help` to get the list of valid commands. in /Users/tesina/Documents/git/ebay-amazon-arbitrage/vendor/cakephp/cakephp/src/Console/CommandRunner.php on line 177
Stack Trace:
#0 /Users/tesina/Documents/git/ebay-amazon-arbitrage/vendor/cakephp/cakephp/src/Console/CommandRunner.php(137): Cake\Console\CommandRunner->getShell(Object(Cake\Console\ConsoleIo), Object(Cake\Console\CommandCollection), 'code_completion')
#1 /Users/tesina/Documents/git/ebay-amazon-arbitrage/bin/cake.php(12): Cake\Console\CommandRunner->run(Array)
#2 {main}


2018-07-05 18:04:22 Error: [ParseError] syntax error, unexpected 'Return' (T_RETURN), expecting identifier (T_STRING) in /Users/tesina/Documents/git/ebay-amazon-arbitrage/src/Model/Entity/Return.php on line 20
Stack Trace:
#0 /Users/tesina/Documents/git/ebay-amazon-arbitrage/vendor/composer/ClassLoader.php(322): Composer\Autoload\includeFile('/Users/tesina/D...')
#1 [internal function]: Composer\Autoload\ClassLoader->loadClass('App\\Model\\Entit...')
#2 [internal function]: spl_autoload_call('App\\Model\\Entit...')
#3 /Users/tesina/Documents/git/ebay-amazon-arbitrage/vendor/cakephp/bake/src/Shell/Task/TemplateTask.php(304): class_exists('App\\Model\\Entit...')
#4 /Users/tesina/Documents/git/ebay-amazon-arbitrage/vendor/cakephp/bake/src/Shell/Task/TemplateTask.php(148): Bake\Shell\Task\TemplateTask->_loadController()
#5 /Users/tesina/Documents/git/ebay-amazon-arbitrage/vendor/cakephp/bake/src/Shell/BakeShell.php(264): Bake\Shell\Task\TemplateTask->main('Returns')
#6 /Users/tesina/Documents/git/ebay-amazon-arbitrage/vendor/cakephp/cakephp/src/Collection/CollectionTrait.php(51): Bake\Shell\BakeShell->Bake\Shell\{closure}('Returns', 0)
#7 /Users/tesina/Documents/git/ebay-amazon-arbitrage/vendor/cakephp/bake/src/Shell/BakeShell.php(265): Cake\Collection\Collection->each(Object(Closure))
#8 /Users/tesina/Documents/git/ebay-amazon-arbitrage/vendor/cakephp/cakephp/src/Console/Shell.php(493): Bake\Shell\BakeShell->all('returns')
#9 /Users/tesina/Documents/git/ebay-amazon-arbitrage/vendor/cakephp/cakephp/src/Console/CommandRunner.php(141): Cake\Console\Shell->runCommand(Array, true)
#10 /Users/tesina/Documents/git/ebay-amazon-arbitrage/bin/cake.php(12): Cake\Console\CommandRunner->run(Array)
#11 {main}


2018-07-05 18:06:53 Error: [Cake\Database\Exception] SQLSTATE[42S02]: Base table or view not found: 1146 Table 'phones.returns' doesn't exist in /Users/tesina/Documents/git/ebay-amazon-arbitrage/vendor/cakephp/cakephp/src/Database/Schema/Collection.php on line 131
Stack Trace:
#0 /Users/tesina/Documents/git/ebay-amazon-arbitrage/vendor/cakephp/cakephp/src/Database/Schema/Collection.php(97): Cake\Database\Schema\Collection->_reflect('Column', 'returns', Array, Object(Cake\Database\Schema\TableSchema))
#1 /Users/tesina/Documents/git/ebay-amazon-arbitrage/vendor/cakephp/cakephp/src/Database/Schema/CachedCollection.php(63): Cake\Database\Schema\Collection->describe('returns', Array)
#2 /Users/tesina/Documents/git/ebay-amazon-arbitrage/vendor/cakephp/cakephp/src/ORM/Table.php(532): Cake\Database\Schema\CachedCollection->describe('returns')
#3 /Users/tesina/Documents/git/ebay-amazon-arbitrage/vendor/cakephp/bake/src/Shell/Task/ModelTask.php(324): Cake\ORM\Table->getSchema()
#4 /Users/tesina/Documents/git/ebay-amazon-arbitrage/vendor/cakephp/bake/src/Shell/Task/ModelTask.php(221): Bake\Shell\Task\ModelTask->findBelongsTo(Object(App\Model\Table\ReturnsTable), Array)
#5 /Users/tesina/Documents/git/ebay-amazon-arbitrage/vendor/cakephp/bake/src/Shell/Task/ModelTask.php(130): Bake\Shell\Task\ModelTask->getAssociations(Object(App\Model\Table\ReturnsTable))
#6 /Users/tesina/Documents/git/ebay-amazon-arbitrage/vendor/cakephp/bake/src/Shell/Task/ModelTask.php(113): Bake\Shell\Task\ModelTask->getTableContext(Object(App\Model\Table\ReturnsTable), 'returns', 'Returns')
#7 /Users/tesina/Documents/git/ebay-amazon-arbitrage/vendor/cakephp/bake/src/Shell/Task/ModelTask.php(100): Bake\Shell\Task\ModelTask->bake('Returns')
#8 /Users/tesina/Documents/git/ebay-amazon-arbitrage/vendor/cakephp/bake/src/Shell/BakeShell.php(264): Bake\Shell\Task\ModelTask->main('Returns')
#9 /Users/tesina/Documents/git/ebay-amazon-arbitrage/vendor/cakephp/cakephp/src/Collection/CollectionTrait.php(51): Bake\Shell\BakeShell->Bake\Shell\{closure}('Returns', 0)
#10 /Users/tesina/Documents/git/ebay-amazon-arbitrage/vendor/cakephp/bake/src/Shell/BakeShell.php(265): Cake\Collection\Collection->each(Object(Closure))
#11 /Users/tesina/Documents/git/ebay-amazon-arbitrage/vendor/cakephp/cakephp/src/Console/Shell.php(493): Bake\Shell\BakeShell->all('returns')
#12 /Users/tesina/Documents/git/ebay-amazon-arbitrage/vendor/cakephp/cakephp/src/Console/CommandRunner.php(141): Cake\Console\Shell->runCommand(Array, true)
#13 /Users/tesina/Documents/git/ebay-amazon-arbitrage/bin/cake.php(12): Cake\Console\CommandRunner->run(Array)
#14 {main}


