2018-07-12 15:33:47 Notice: Notice (8): Undefined index: SupplierOrders in [/Users/tesina/Documents/git/ebay-amazon-arbitrage/vendor/cakephp/bake/src/View/Helper/DocBlockHelper.php, line 238]
Trace:
Cake\Error\BaseErrorHandler::handleError() - CORE/src/Error/BaseErrorHandler.php, line 153
Bake\View\Helper\DocBlockHelper::buildTableAnnotations() - ROOT/vendor/cakephp/bake/src/View/Helper/DocBlockHelper.php, line 238
Twig_Template::getAttribute() - ROOT/vendor/twig/twig/lib/Twig/Template.php, line 679
__TwigTemplate_78803e398a000c78f32a5fa0a882bb7f8a090220929b890d2b00c1b2121292c3::doDisplay() - ROOT/tmp/cache/twigView/5e/5ef8c2a3fa09c9e4970b4ac7ff09796b5d43fe7868c7baff71bb9d0a0fb966cc.php, line 22
Twig_Template::displayWithErrorHandling() - ROOT/vendor/twig/twig/lib/Twig/Template.php, line 432
Twig_Template::display() - ROOT/vendor/twig/twig/lib/Twig/Template.php, line 403
Twig_Template::render() - ROOT/vendor/twig/twig/lib/Twig/Template.php, line 411
WyriHaximus\TwigView\View\TwigView::_render() - ROOT/vendor/wyrihaximus/twig-view/src/View/TwigView.php, line 180
Bake\View\BakeView::render() - ROOT/vendor/cakephp/bake/src/View/BakeView.php, line 146
Bake\Shell\Task\BakeTemplateTask::generate() - ROOT/vendor/cakephp/bake/src/Shell/Task/BakeTemplateTask.php, line 89
Bake\Shell\Task\ModelTask::bakeTable() - ROOT/vendor/cakephp/bake/src/Shell/Task/ModelTask.php, line 956
Bake\Shell\Task\ModelTask::bake() - ROOT/vendor/cakephp/bake/src/Shell/Task/ModelTask.php, line 114
Bake\Shell\Task\ModelTask::main() - ROOT/vendor/cakephp/bake/src/Shell/Task/ModelTask.php, line 100
Bake\Shell\BakeShell::Bake\Shell\{closure}() - ROOT/vendor/cakephp/bake/src/Shell/BakeShell.php, line 272
Cake\Collection\Collection::each() - CORE/src/Collection/CollectionTrait.php, line 51
Bake\Shell\BakeShell::all() - ROOT/vendor/cakephp/bake/src/Shell/BakeShell.php, line 273
Cake\Console\Shell::runCommand() - CORE/src/Console/Shell.php, line 493
Cake\Console\CommandRunner::run() - CORE/src/Console/CommandRunner.php, line 141
[main] - ROOT/bin/cake.php, line 12



